[2025-09-02 17:44:48] [main] DEBUG org.testng.TestNG - suiteXmlPath: "D:\Eclipse Workspace\OrangeHRM\xml\master.xml"
[2025-09-02 17:44:51] [main] INFO  TestCases.TC001_login - TC 001 Fill login credential
[2025-09-02 17:44:51] [main] INFO  TestCases.TC001_login - TC 001 Click login button
[2025-09-02 17:44:52] [main] INFO  TestCases.TC001_login - TC 001 Finish login validation
[2025-09-02 17:44:55] [main] INFO  TestCases.TC002_addEmployee - TC002 login
[2025-09-02 17:44:55] [main] INFO  TestCases.TC002_addEmployee - TC002 click login button
[2025-09-02 17:44:59] [main] INFO  TestCases.TC002_addEmployee - TC002 click add employee button
[2025-09-02 17:45:00] [main] INFO  TestCases.TC002_addEmployee - TC002 fill new employee data
[2025-09-02 17:45:00] [main] INFO  TestCases.TC002_addEmployee - TC 002 click save button
[2025-09-02 17:45:05] [main] INFO  TestCases.TC002_addEmployee - TC 002 finished add employee validation
[2025-09-02 17:45:06] [main] INFO  TestCases.TC002_addEmployee - TC 002 click logout
[2025-09-02 17:45:06] [main] INFO  TestCases.TC002_addEmployee - TC002 login
[2025-09-02 17:45:06] [main] INFO  TestCases.TC002_addEmployee - TC002 click login button
[2025-09-02 17:45:11] [main] INFO  TestCases.TC002_addEmployee - TC002 click add employee button
[2025-09-02 17:45:11] [main] INFO  TestCases.TC002_addEmployee - TC002 fill new employee data
[2025-09-02 17:45:11] [main] INFO  TestCases.TC002_addEmployee - TC 002 click save button
[2025-09-02 17:45:16] [main] INFO  TestCases.TC002_addEmployee - TC 002 finished add employee validation
[2025-09-02 17:45:17] [main] INFO  TestCases.TC002_addEmployee - TC 002 click logout
[2025-09-02 17:45:18] [main] INFO  TestCases.TC002_addEmployee - TC002 login
[2025-09-02 17:45:18] [main] INFO  TestCases.TC002_addEmployee - TC002 click login button
[2025-09-02 17:45:22] [main] INFO  TestCases.TC002_addEmployee - TC002 click add employee button
[2025-09-02 17:45:23] [main] INFO  TestCases.TC002_addEmployee - TC002 fill new employee data
[2025-09-02 17:45:23] [main] INFO  TestCases.TC002_addEmployee - TC 002 click save button
[2025-09-02 17:45:28] [main] INFO  TestCases.TC002_addEmployee - TC 002 finished add employee validation
[2025-09-02 17:45:29] [main] INFO  TestCases.TC002_addEmployee - TC 002 click logout
[2025-09-02 17:45:29] [main] INFO  TestCases.TC002_addEmployee - TC 002 finish connect to DB
[2025-09-02 17:45:29] [main] INFO  TestCases.TC002_addEmployee - TC 002 finish SQL query
[2025-09-02 17:45:29] [main] INFO  TestCases.TC002_addEmployee - TC 002 finish DB employee validation
[2025-09-02 17:45:29] [main] INFO  TestCases.TC002_addEmployee - TC 002 finish connect to DB
[2025-09-02 17:45:29] [main] INFO  TestCases.TC002_addEmployee - TC 002 finish SQL query
[2025-09-02 17:45:29] [main] INFO  TestCases.TC002_addEmployee - TC 002 finish DB employee validation
[2025-09-02 17:45:29] [main] INFO  TestCases.TC002_addEmployee - TC 002 finish connect to DB
[2025-09-02 17:45:29] [main] INFO  TestCases.TC002_addEmployee - TC 002 finish SQL query
[2025-09-02 17:45:29] [main] INFO  TestCases.TC002_addEmployee - TC 002 finish DB employee validation
[2025-09-02 17:45:31] [main] INFO  TestCases.TC003_addExistingEmployee - TC 003 finish connect to DB
[2025-09-02 17:45:31] [main] INFO  TestCases.TC003_addExistingEmployee - TC 003 finish SQL query
[2025-09-02 17:45:31] [main] INFO  TestCases.TC003_addExistingEmployee - TC 003 fill login credential
[2025-09-02 17:45:31] [main] INFO  TestCases.TC003_addExistingEmployee - TC 003 click login button
[2025-09-02 17:45:36] [main] INFO  TestCases.TC003_addExistingEmployee - TC 003 click add employee button
[2025-09-02 17:45:36] [main] INFO  TestCases.TC003_addExistingEmployee - TC 003 fill existing id employee data
[2025-09-02 17:45:37] [main] INFO  TestCases.TC003_addExistingEmployee - TC 003 finish validate text existing id warning appear
[2025-09-02 17:45:40] [main] INFO  TestCases.TC003_addExistingEmployee - TC 003 finish validate save button not working
